<?xml version="1.0" encoding="UTF-8"?>
<!-- Generated by org.testng.reporters.JUnitReportReporter -->
<testsuite hostname="CBT-017" name="mypackage.DemoA" tests="1" failures="0" timestamp="6 Aug 2016 12:49:30 GMT" time="16.299" errors="0">
  <testcase name="testA" time="16.299" classname="mypackage.DemoA"/>
</testsuite> <!-- mypackage.DemoA -->
